1 record downlaod finished
2 record downlaod finished
3 record downlaod finished
4 record downlaod finished
5 record downlaod finished
6 record downlaod finished
7 record downlaod finished
8 record downlaod finished
9 record downlaod finished
10 record downlaod finished
11 record downlaod finished
12 record downlaod finished
13 record downlaod finished
14 record has no record which can download from SRA Run selector, unfinished15 record downlaod finished
16 record downlaod finished
17 record downlaod finished
18 record downlaod finished
19 record downlaod finished
20 record downlaod finished
21 record downlaod finished
22 record downlaod finished
23 record downlaod finished
24 record downlaod finished
25 record downlaod finished
26 record downlaod finished
27 record downlaod finished
28 record downlaod finished
29 record downlaod finished
30 record downlaod finished
31 record downlaod finished
32 record downlaod finished
33 record downlaod finished
34 record downlaod finished
35 record downlaod finished
36 record downlaod finished
37 record downlaod finished
38 record downlaod finished
39 record downlaod finished
40 record downlaod finished
41 record downlaod finished
42 record has no SRA Run selector, unfinished43 record downlaod finished
44 record downlaod finished
45 record downlaod finished
46 record downlaod finished
47 record downlaod finished
48 record downlaod finished
49 record downlaod finished
50 record downlaod finished
51 record downlaod finished
52 record downlaod finished
53 record downlaod finished
54 record downlaod finished
55 record downlaod finished
56 record downlaod finished
57 record has no record which can download from SRA Run selector, unfinished58 record downlaod finished
59 record downlaod finished
60 record downlaod finished
61 record downlaod finished
62 record downlaod finished
63 record has no record which can download from SRA Run selector, unfinished64 record downlaod finished
65 record downlaod finished
66 record downlaod finished
67 record downlaod finished
68 record downlaod finished
69 record downlaod finished
70 record has no SRA Run selector, unfinished71 record downlaod finished
72 record downlaod finished
73 record downlaod finished
74 record downlaod finished
75 record downlaod finished
76 record has no record which can download from SRA Run selector, unfinished77 record downlaod finished
78 record downlaod finished
79 record downlaod finished
80 record downlaod finished
81 record downlaod finished
82 record downlaod finished
83 record downlaod finished
84 record downlaod finished
85 record downlaod finished
86 record downlaod finished
87 record downlaod finished
88 record downlaod finished
89 record downlaod finished
90 record downlaod finished
91 record downlaod finished
92 record downlaod finished
93 record downlaod finished
94 record downlaod finished
95 record downlaod finished
96 record has no record which can download from SRA Run selector, unfinished97 record downlaod finished
98 record downlaod finished
99 record downlaod finished
100 record downlaod finished
101 record downlaod finished
102 record downlaod finished
103 record downlaod finished
104 record downlaod finished
105 record downlaod finished
106 record downlaod finished
107 record downlaod finished
108 record downlaod finished
109 record downlaod finished
110 record has no SRA Run selector, unfinished111 record has no SRA Run selector, unfinished112 record downlaod finished
113 record downlaod finished
114 record downlaod finished
115 record downlaod finished
116 record downlaod finished
117 record downlaod finished
118 record downlaod finished
119 record downlaod finished
120 record downlaod finished
121 record downlaod finished
122 record downlaod finished
123 record downlaod finished
124 record downlaod finished
125 record has no record which can download from SRA Run selector, unfinished126 record downlaod finished
127 record downlaod finished
128 record downlaod finished
129 record downlaod finished
130 record downlaod finished
131 record downlaod finished
132 record downlaod finished
133 record downlaod finished
134 record downlaod finished
135 record downlaod finished
136 record downlaod finished
137 record downlaod finished
138 record downlaod finished
139 record downlaod finished
140 record downlaod finished
141 record downlaod finished
142 record downlaod finished
143 record downlaod finished
144 record has no record which can download from SRA Run selector, unfinished145 record downlaod finished
146 record downlaod finished
147 record downlaod finished
148 record downlaod finished
149 record downlaod finished
150 record downlaod finished
151 record downlaod finished
152 record downlaod finished
153 record downlaod finished
154 record downlaod finished
155 record downlaod finished
156 record downlaod finished
157 record downlaod finished
158 record downlaod finished
159 record downlaod finished
160 record downlaod finished
161 record downlaod finished
162 record downlaod finished
163 record downlaod finished
164 record has no record which can download from SRA Run selector, unfinished165 record downlaod finished
166 record has no record which can download from SRA Run selector, unfinished167 record downlaod finished
168 record downlaod finished
169 record downlaod finished
170 record downlaod finished
171 record downlaod finished
172 record downlaod finished
173 record downlaod finished
174 record downlaod finished
175 record downlaod finished
176 record downlaod finished
177 record downlaod finished
178 record downlaod finished
179 record downlaod finished
180 record downlaod finished
181 record downlaod finished
182 record downlaod finished
183 record has no record which can download from SRA Run selector, unfinished184 record downlaod finished
185 record downlaod finished
186 record downlaod finished
187 record downlaod finished
188 record downlaod finished
189 record downlaod finished
190 record downlaod finished
191 record downlaod finished
192 record downlaod finished
193 record downlaod finished
194 record downlaod finished
195 record downlaod finished
196 record downlaod finished
197 record downlaod finished
198 record downlaod finished
199 record downlaod finished
200 record downlaod finished
201 record downlaod finished
202 record downlaod finished
203 record downlaod finished
204 record downlaod finished
205 record downlaod finished
206 record has no record which can download from SRA Run selector, unfinished207 record downlaod finished
208 record downlaod finished
209 record downlaod finished
210 record downlaod finished
211 record downlaod finished
212 record downlaod finished
213 record downlaod finished
214 record downlaod finished
215 record downlaod finished
216 record downlaod finished
217 record downlaod finished
218 record downlaod finished
219 record downlaod finished
220 record downlaod finished
221 record downlaod finished
222 record downlaod finished
223 record downlaod finished
224 record downlaod finished
225 record downlaod finished
226 record has no record which can download from SRA Run selector, unfinished227 record downlaod finished
228 record downlaod finished
229 record downlaod finished
230 record downlaod finished
231 record downlaod finished
232 record downlaod finished
233 record downlaod finished
234 record downlaod finished
235 record downlaod finished
236 record downlaod finished
237 record downlaod finished
238 record downlaod finished
239 record downlaod finished
240 record downlaod finished
241 record downlaod finished
242 record downlaod finished
243 record downlaod finished
244 record has no record which can download from SRA Run selector, unfinished245 record downlaod finished
246 record downlaod finished
247 record downlaod finished
248 record downlaod finished
249 record downlaod finished
250 record downlaod finished
251 record downlaod finished
252 record downlaod finished
253 record downlaod finished
254 record downlaod finished
255 record downlaod finished
256 record downlaod finished
257 record downlaod finished
258 record downlaod finished
259 record downlaod finished
260 record downlaod finished
261 record downlaod finished
262 record downlaod finished
263 record downlaod finished
264 record downlaod finished
265 record has no record which can download from SRA Run selector, unfinished266 record downlaod finished
267 record downlaod finished
268 record downlaod finished
269 record downlaod finished
270 record downlaod finished
271 record downlaod finished
272 record downlaod finished
273 record downlaod finished
274 record downlaod finished
275 record downlaod finished
276 record downlaod finished
277 record downlaod finished
278 record downlaod finished
279 record downlaod finished
280 record downlaod finished
281 record downlaod finished
282 record downlaod finished
283 record downlaod finished
284 record has no record which can download from SRA Run selector, unfinished285 record downlaod finished
286 record downlaod finished
287 record downlaod finished
288 record downlaod finished
289 record downlaod finished
290 record downlaod finished
291 record downlaod finished
292 record downlaod finished
293 record downlaod finished
294 record downlaod finished
295 record has no record which can download from SRA Run selector, unfinished296 record has no SRA Run selector, unfinished297 record downlaod finished
298 record downlaod finished
299 record downlaod finished
300 record has no record which can download from SRA Run selector, unfinished301 record has no record which can download from SRA Run selector, unfinished302 record downlaod finished
303 record downlaod finished
304 record downlaod finished
305 record downlaod finished
306 record downlaod finished
307 record downlaod finished
308 record downlaod finished
309 record downlaod finished
310 record downlaod finished
311 record downlaod finished
312 record downlaod finished
313 record downlaod finished
314 record downlaod finished
315 record downlaod finished
316 record downlaod finished
317 record downlaod finished
318 record downlaod finished
319 record has no record which can download from SRA Run selector, unfinished320 record downlaod finished
321 record downlaod finished
322 record downlaod finished
323 record downlaod finished
324 record downlaod finished
325 record downlaod finished
326 record downlaod finished
327 record downlaod finished
328 record downlaod finished
329 record downlaod finished
330 record downlaod finished
331 record downlaod finished
332 record downlaod finished
333 record downlaod finished
334 record downlaod finished
335 record downlaod finished
336 record downlaod finished
337 record downlaod finished
338 record downlaod finished
339 record downlaod finished
340 record downlaod finished
341 record downlaod finished
342 record downlaod finished
343 record downlaod finished
344 record downlaod finished
345 record downlaod finished
346 record downlaod finished
347 record downlaod finished
348 record downlaod finished
349 record downlaod finished
350 record downlaod finished
351 record downlaod finished
352 record downlaod finished
353 record downlaod finished
354 record downlaod finished
355 record downlaod finished
356 record downlaod finished
357 record downlaod finished
358 record downlaod finished
359 record downlaod finished
360 record downlaod finished
361 record downlaod finished
362 record downlaod finished
363 record downlaod finished
364 record downlaod finished
365 record has no SRA Run selector, unfinished366 record has no SRA Run selector, unfinished367 record downlaod finished
368 record downlaod finished
369 record downlaod finished
370 record downlaod finished
371 record downlaod finished
372 record downlaod finished
373 record downlaod finished
374 record downlaod finished
375 record downlaod finished
376 record downlaod finished
377 record downlaod finished
378 record has no SRA Run selector, unfinished379 record downlaod finished
380 record downlaod finished
381 record downlaod finished
382 record downlaod finished
383 record downlaod finished
384 record downlaod finished
385 record has no SRA Run selector, unfinished386 record downlaod finished
387 record downlaod finished
388 record downlaod finished
389 record downlaod finished
390 record downlaod finished
391 record downlaod finished
392 record downlaod finished
393 record downlaod finished
394 record downlaod finished
395 record downlaod finished
396 record downlaod finished
397 record downlaod finished
398 record has no SRA Run selector, unfinished399 record downlaod finished
400 record downlaod finished
401 record downlaod finished
402 record downlaod finished
403 record downlaod finished
404 record has no SRA Run selector, unfinished405 record downlaod finished
406 record downlaod finished
407 record downlaod finished
408 record has no SRA Run selector, unfinished409 record downlaod finished
410 record downlaod finished
411 record downlaod finished
412 record downlaod finished
413 record downlaod finished
414 record has no SRA Run selector, unfinished415 record downlaod finished
416 record downlaod finished
417 record downlaod finished
418 record downlaod finished
419 record downlaod finished
420 record downlaod finished
421 record downlaod finished
422 record has no record which can download from SRA Run selector, unfinished423 record has no record which can download from SRA Run selector, unfinished424 record downlaod finished
425 record has no SRA Run selector, unfinished426 record downlaod finished
427 record has no SRA Run selector, unfinished428 record downlaod finished
429 record downlaod finished
430 record downlaod finished
431 record downlaod finished
432 record has no SRA Run selector, unfinished433 record downlaod finished
434 record downlaod finished
435 record downlaod finished
436 record has no SRA Run selector, unfinished437 record downlaod finished
438 record has no SRA Run selector, unfinished439 record has no SRA Run selector, unfinished440 record downlaod finished
441 record downlaod finished
442 record downlaod finished
443 record downlaod finished
444 record has no SRA Run selector, unfinished445 record downlaod finished
446 record has no SRA Run selector, unfinished447 record downlaod finished
448 record has no SRA Run selector, unfinished449 record has no SRA Run selector, unfinished450 record downlaod finished
451 record downlaod finished
452 record downlaod finished
453 record has no SRA Run selector, unfinished454 record has no SRA Run selector, unfinished455 record has no SRA Run selector, unfinished456 record has no SRA Run selector, unfinished457 record has no SRA Run selector, unfinished