1 record downlaod finished
2 record downlaod finished
3 record downlaod finished
4 record downlaod finished
5 record downlaod finished
6 record downlaod finished
7 record downlaod finished
8 record downlaod finished
9 record downlaod finished
10 record downlaod finished
11 record downlaod finished
12 record downlaod finished
13 record downlaod finished
14 record downlaod finished
15 record downlaod finished
16 record downlaod finished
17 record downlaod finished
18 record has no SRA Run selector, unfinished19 record downlaod finished
20 record downlaod finished
21 record downlaod finished
22 record downlaod finished
23 record downlaod finished
24 record downlaod finished
25 record downlaod finished
26 record downlaod finished
27 record downlaod finished
28 record downlaod finished
29 record downlaod finished
30 record downlaod finished
31 record downlaod finished
32 record downlaod finished
33 record downlaod finished
34 record downlaod finished
35 record downlaod finished
36 record downlaod finished
37 record downlaod finished
38 record downlaod finished
39 record downlaod finished
40 record downlaod finished
41 record downlaod finished
42 record downlaod finished
43 record downlaod finished
44 record downlaod finished
45 record downlaod finished
46 record downlaod finished
47 record downlaod finished
48 record downlaod finished
49 record downlaod finished
50 record downlaod finished
51 record downlaod finished
52 record downlaod finished
53 record downlaod finished
54 record downlaod finished
55 record downlaod finished
56 record downlaod finished
57 record downlaod finished
58 record downlaod finished
59 record downlaod finished
60 record downlaod finished
61 record downlaod finished
62 record downlaod finished
63 record downlaod finished
64 record downlaod finished
65 record downlaod finished
66 record downlaod finished
67 record downlaod finished
68 record downlaod finished
69 record downlaod finished
70 record downlaod finished
71 record downlaod finished
72 record downlaod finished
73 record downlaod finished
74 record downlaod finished
75 record downlaod finished
76 record downlaod finished
77 record downlaod finished
78 record downlaod finished
79 record downlaod finished
80 record downlaod finished
81 record downlaod finished
82 record downlaod finished
83 record downlaod finished
84 record downlaod finished
85 record downlaod finished
86 record downlaod finished
87 record downlaod finished
88 record downlaod finished
89 record downlaod finished
90 record downlaod finished
91 record downlaod finished
92 record downlaod finished
93 record downlaod finished
94 record downlaod finished
95 record downlaod finished
96 record downlaod finished
97 record downlaod finished
98 record downlaod finished
99 record downlaod finished
100 record downlaod finished
101 record downlaod finished
102 record downlaod finished
103 record downlaod finished
104 record downlaod finished
105 record downlaod finished
106 record downlaod finished
107 record has no SRA Run selector, unfinished108 record downlaod finished
109 record downlaod finished
110 record downlaod finished
111 record downlaod finished
112 record has no record which can download from SRA Run selector, unfinished113 record downlaod finished
114 record downlaod finished
115 record downlaod finished
116 record downlaod finished
117 record downlaod finished
118 record downlaod finished
119 record downlaod finished
120 record downlaod finished
121 record downlaod finished
122 record downlaod finished
123 record downlaod finished
124 record downlaod finished
125 record downlaod finished
126 record downlaod finished
127 record downlaod finished
128 record downlaod finished
129 record downlaod finished
130 record downlaod finished
131 record downlaod finished
132 record downlaod finished
133 record has no SRA Run selector, unfinished134 record downlaod finished
135 record has no SRA Run selector, unfinished136 record has no SRA Run selector, unfinished137 record downlaod finished
138 record downlaod finished
139 record downlaod finished
140 record downlaod finished
141 record downlaod finished
142 record downlaod finished
143 record downlaod finished
144 record downlaod finished
145 record has no SRA Run selector, unfinished146 record has no SRA Run selector, unfinished147 record has no SRA Run selector, unfinished148 record has no SRA Run selector, unfinished149 record has no SRA Run selector, unfinished