1 record downlaod finished
2 record downlaod finished
3 record downlaod finished
4 record downlaod finished
5 record downlaod finished
6 record downlaod finished
7 record downlaod finished
8 record downlaod finished
9 record downlaod finished
10 record downlaod finished
11 record downlaod finished
12 record downlaod finished
13 record downlaod finished
14 record downlaod finished
15 record downlaod finished
16 record has no SRA Run selector, unfinished17 record downlaod finished
18 record downlaod finished
19 record downlaod finished
20 record downlaod finished
21 record downlaod finished
22 record downlaod finished
23 record downlaod finished
24 record downlaod finished
25 record downlaod finished
26 record downlaod finished
27 record downlaod finished
28 record has no SRA Run selector, unfinished29 record downlaod finished
30 record downlaod finished
31 record downlaod finished
32 record downlaod finished
33 record downlaod finished
34 record downlaod finished
35 record downlaod finished
36 record downlaod finished
37 record downlaod finished
38 record downlaod finished
39 record downlaod finished
40 record downlaod finished
41 record downlaod finished
42 record downlaod finished
43 record downlaod finished
44 record downlaod finished
45 record downlaod finished
46 record downlaod finished
47 record downlaod finished
48 record downlaod finished
49 record downlaod finished
50 record downlaod finished
51 record downlaod finished
52 record downlaod finished
53 record downlaod finished
54 record downlaod finished
55 record downlaod finished
56 record downlaod finished
57 record downlaod finished
58 record downlaod finished
59 record downlaod finished
60 record downlaod finished
61 record downlaod finished
62 record downlaod finished
63 record downlaod finished
64 record downlaod finished
65 record downlaod finished
66 record downlaod finished
67 record downlaod finished
68 record downlaod finished
69 record downlaod finished
70 record downlaod finished
71 record downlaod finished
72 record downlaod finished
73 record downlaod finished
74 record downlaod finished
75 record downlaod finished
76 record downlaod finished
77 record downlaod finished
78 record downlaod finished
79 record downlaod finished
80 record has no SRA Run selector, unfinished81 record downlaod finished
82 record downlaod finished
83 record downlaod finished
84 record downlaod finished
85 record downlaod finished
86 record downlaod finished
87 record downlaod finished
88 record downlaod finished
89 record downlaod finished
90 record downlaod finished
91 record downlaod finished
92 record downlaod finished
93 record downlaod finished
94 record downlaod finished
95 record has no SRA Run selector, unfinished96 record has no SRA Run selector, unfinished97 record has no SRA Run selector, unfinished98 record has no SRA Run selector, unfinished99 record has no SRA Run selector, unfinished100 record has no SRA Run selector, unfinished101 record has no SRA Run selector, unfinished102 record has no SRA Run selector, unfinished103 record has no SRA Run selector, unfinished104 record has no SRA Run selector, unfinished105 record has no SRA Run selector, unfinished106 record has no SRA Run selector, unfinished107 record has no SRA Run selector, unfinished108 record has no SRA Run selector, unfinished109 record downlaod finished
110 record has no SRA Run selector, unfinished111 record has no SRA Run selector, unfinished112 record has no SRA Run selector, unfinished113 record has no SRA Run selector, unfinished114 record has no SRA Run selector, unfinished115 record has no SRA Run selector, unfinished116 record downlaod finished
117 record downlaod finished
118 record downlaod finished
119 record has no SRA Run selector, unfinished